{"D:\\training-react\\shoppe\\src\\components\\Link\\index.tsx": {"path":"D:\\training-react\\shoppe\\src\\components\\Link\\index.tsx","statementMap":{"0":{"start":{"line":1,"column":0},"end":{"line":1,"column":48}},"1":{"start":{"line":2,"column":0},"end":{"line":2,"column":40}},"2":{"start":{"line":3,"column":0},"end":{"line":3,"column":29}},"3":{"start":{"line":6,"column":19},"end":{"line":21,"column":null}},"4":{"start":{"line":16,"column":6},"end":{"line":20,"column":null}},"5":{"start":{"line":31,"column":9},"end":{"line":31,"column":19}},"6":{"start":{"line":24,"column":29},"end":{"line":29,"column":2}},"7":{"start":{"line":31,"column":21},"end":{"line":31,"column":41}}},"fnMap":{"0":{"name":"(anonymous_6)","decl":{"start":{"line":15,"column":6},"end":{"line":15,"column":7}},"loc":{"start":{"line":16,"column":6},"end":{"line":20,"column":null}}}},"branchMap":{"0":{"loc":{"start":{"line":16,"column":6},"end":{"line":20,"column":null}},"type":"binary-expr","locations":[{"start":{"line":16,"column":6},"end":{"line":16,"column":20}},{"start":{"line":17,"column":6},"end":{"line":20,"column":null}}]}},"s":{"0":1,"1":1,"2":1,"3":1,"4":3,"5":1,"6":1,"7":1},"f":{"0":3},"b":{"0":[3,0]}}
,"D:\\training-react\\shoppe\\src\\components\\Navigation\\index.tsx": {"path":"D:\\training-react\\shoppe\\src\\components\\Navigation\\index.tsx","statementMap":{"0":{"start":{"line":1,"column":0},"end":{"line":1,"column":43}},"1":{"start":{"line":2,"column":0},"end":{"line":2,"column":39}},"2":{"start":{"line":4,"column":0},"end":{"line":4,"column":56}},"3":{"start":{"line":6,"column":19},"end":{"line":18,"column":1}},"4":{"start":{"line":7,"column":31},"end":{"line":7,"column":36}},"5":{"start":{"line":9,"column":2},"end":{"line":17,"column":4}},"6":{"start":{"line":12,"column":8},"end":{"line":12,"column":44}},"7":{"start":{"line":20,"column":25},"end":{"line":24,"column":2}},"8":{"start":{"line":26,"column":9},"end":{"line":26,"column":25}}},"fnMap":{"0":{"name":"(anonymous_1)","decl":{"start":{"line":6,"column":19},"end":{"line":6,"column":20}},"loc":{"start":{"line":6,"column":54},"end":{"line":18,"column":1}}},"1":{"name":"(anonymous_2)","decl":{"start":{"line":11,"column":17},"end":{"line":11,"column":18}},"loc":{"start":{"line":12,"column":8},"end":{"line":12,"column":44}}}},"branchMap":{},"s":{"0":1,"1":1,"2":1,"3":1,"4":1,"5":1,"6":3,"7":1,"8":1},"f":{"0":1,"1":3},"b":{}}
,"D:\\training-react\\shoppe\\src\\components\\Sumnumber\\index.tsx": {"path":"D:\\training-react\\shoppe\\src\\components\\Sumnumber\\index.tsx","statementMap":{"0":{"start":{"line":1,"column":12},"end":{"line":3,"column":1}},"1":{"start":{"line":2,"column":2},"end":{"line":2,"column":15}},"2":{"start":{"line":5,"column":9},"end":{"line":5,"column":12}}},"fnMap":{"0":{"name":"(anonymous_0)","decl":{"start":{"line":1,"column":12},"end":{"line":1,"column":13}},"loc":{"start":{"line":1,"column":37},"end":{"line":3,"column":1}}}},"branchMap":{},"s":{"0":1,"1":1,"2":1},"f":{"0":1},"b":{}}
,"D:\\training-react\\shoppe\\src\\constants\\baseConfig.ts": {"path":"D:\\training-react\\shoppe\\src\\constants\\baseConfig.ts","statementMap":{"0":{"start":{"line":1,"column":13},"end":{"line":17,"column":2}},"1":{"start":{"line":19,"column":13},"end":{"line":24,"column":2}},"2":{"start":{"line":26,"column":13},"end":{"line":43,"column":2}},"3":{"start":{"line":45,"column":13},"end":{"line":45,"column":30}},"4":{"start":{"line":46,"column":13},"end":{"line":46,"column":31}},"5":{"start":{"line":48,"column":13},"end":{"line":48,"column":32}}},"fnMap":{},"branchMap":{},"s":{"0":1,"1":1,"2":1,"3":1,"4":1,"5":1},"f":{},"b":{}}
}
