TN:
SF:src\components\Link\index.tsx
FN:15,(anonymous_6)
FNF:1
FNH:1
FNDA:3,(anonymous_6)
DA:1,1
DA:2,1
DA:3,1
DA:6,1
DA:16,3
DA:24,1
DA:31,1
LF:7
LH:7
BRDA:16,0,0,3
BRDA:16,0,1,0
BRF:2
BRH:1
end_of_record
TN:
SF:src\components\Navigation\index.tsx
FN:6,(anonymous_1)
FN:11,(anonymous_2)
FNF:2
FNH:2
FNDA:1,(anonymous_1)
FNDA:3,(anonymous_2)
DA:1,1
DA:2,1
DA:4,1
DA:6,1
DA:7,1
DA:9,1
DA:12,3
DA:20,1
DA:26,1
LF:9
LH:9
BRF:0
BRH:0
end_of_record
TN:
SF:src\components\Sumnumber\index.tsx
FN:1,(anonymous_0)
FNF:1
FNH:1
FNDA:1,(anonymous_0)
DA:1,1
DA:2,1
DA:5,1
LF:3
LH:3
BRF:0
BRH:0
end_of_record
TN:
SF:src\constants\baseConfig.ts
FNF:0
FNH:0
DA:1,1
DA:19,1
DA:26,1
DA:45,1
DA:46,1
DA:48,1
LF:6
LH:6
BRF:0
BRH:0
end_of_record
